C:\Program Files (x86)\Microsoft Visual Studio\2017\Community\Common7\IDE\VC\VCTargets\Microsoft.CppBuild.targets(941,5): warning MSB8027: Two or more files with the name of entity.cpp will produce outputs to the same location. This can lead to an incorrect build result.  The files involved are src\engine\algorithms\entity.cpp, src\engine\entity.cpp.
  entity.cpp
  aiko.cpp
  main.cpp
c:\users\jose\code\aiko_engine\aiko\src\engine\aiko.h(33): error C3646: 'm_state': unknown override specifier
c:\users\jose\code\aiko_engine\aiko\src\engine\aiko.h(33): error C4430: missing type specifier - int assumed. Note: C++ does not support default-int
  code.cpp
c:\users\jose\code\aiko_engine\aiko\src\engine\aiko.h(33): error C3646: 'm_state': unknown override specifier
c:\users\jose\code\aiko_engine\aiko\src\engine\aiko.h(33): error C4430: missing type specifier - int assumed. Note: C++ does not support default-int
  constants.cpp
c:\users\jose\code\aiko_engine\aiko\src\engine\aiko.h(33): error C3646: 'm_state': unknown override specifier
c:\users\jose\code\aiko_engine\aiko\src\engine\aiko.h(33): error C4430: missing type specifier - int assumed. Note: C++ does not support default-int
  physics.cpp
c:\users\jose\code\aiko_engine\aiko\src\engine\aiko.h(33): error C3646: 'm_state': unknown override specifier
c:\users\jose\code\aiko_engine\aiko\src\engine\aiko.h(33): error C4430: missing type specifier - int assumed. Note: C++ does not support default-int
  bird.cpp
c:\users\jose\code\aiko_engine\aiko\src\engine\aiko.h(33): error C3646: 'm_state': unknown override specifier
c:\users\jose\code\aiko_engine\aiko\src\engine\aiko.h(33): error C4430: missing type specifier - int assumed. Note: C++ does not support default-int
  entity.cpp
c:\users\jose\code\aiko_engine\aiko\src\engine\aiko.h(33): error C3646: 'm_state': unknown override specifier
c:\users\jose\code\aiko_engine\aiko\src\engine\aiko.h(33): error C4430: missing type specifier - int assumed. Note: C++ does not support default-int
c:\users\jose\code\aiko_engine\aiko\src\engine\entity.cpp(201): error C2065: 'm': undeclared identifier
c:\users\jose\code\aiko_engine\aiko\src\engine\entity.cpp(199): error C2789: 'delta': an object of const-qualified type must be initialized
  c:\users\jose\code\aiko_engine\aiko\src\engine\entity.cpp(199): note: see declaration of 'delta'
  flappy_bird.cpp
c:\users\jose\code\aiko_engine\aiko\src\engine\aiko.h(33): error C3646: 'm_state': unknown override specifier
c:\users\jose\code\aiko_engine\aiko\src\engine\aiko.h(33): error C4430: missing type specifier - int assumed. Note: C++ does not support default-int
  pipe.cpp
c:\users\jose\code\aiko_engine\aiko\src\engine\aiko.h(33): error C3646: 'm_state': unknown override specifier
c:\users\jose\code\aiko_engine\aiko\src\engine\aiko.h(33): error C4430: missing type specifier - int assumed. Note: C++ does not support default-int
  labyrinth.cpp
c:\users\jose\code\aiko_engine\aiko\src\engine\aiko.h(33): error C3646: 'm_state': unknown override specifier
c:\users\jose\code\aiko_engine\aiko\src\engine\aiko.h(33): error C4430: missing type specifier - int assumed. Note: C++ does not support default-int
  utils.cpp
c:\users\jose\code\aiko_engine\aiko\src\engine\aiko.h(33): error C3646: 'm_state': unknown override specifier
c:\users\jose\code\aiko_engine\aiko\src\engine\aiko.h(33): error C4430: missing type specifier - int assumed. Note: C++ does not support default-int
  wind.cpp
c:\users\jose\code\aiko_engine\aiko\src\engine\aiko.h(33): error C3646: 'm_state': unknown override specifier
c:\users\jose\code\aiko_engine\aiko\src\engine\aiko.h(33): error C4430: missing type specifier - int assumed. Note: C++ does not support default-int
  Generating Code...
